terminal-port? *stdin* = #t
==================================================
sbi.scm: "25-pi-e-fns.sbir"
==================================================
(
(1)
(2)
(3 (print pi e))
(4 (let pi (* 4 (atan 1))))
(5 (let e (exp 1)))
(6 (print "pi = " pi))
(7 (print "e = " e))
(8)
(9 (print "sqrt ( pi ) = " (sqrt pi)))
(10 (print "exp  ( pi ) = " (exp pi)))
(11 (print "log  ( pi ) = " (log pi)))
(12 (print "sin  ( pi ) = " (sin pi)))
(13 (print "cos  ( pi ) = " (cos pi)))
(14 (print "tan  ( pi ) = " (tan pi)))
(15 (print "acos ( pi ) = " (acos pi)))
(16 (print "asin ( pi ) = " (asin pi)))
(17 (print "atan ( pi ) = " (atan pi)))
(18 (print "abs  ( pi ) = " (abs pi)))
(19 (print "ceil ( pi ) = " (ceil pi)))
(20 (print "floor( pi ) = " (floor pi)))
(21 (print "round( pi ) = " (round pi)))
(22)
)
 3.141592653589793 2.718281828459045 
pi =  3.141592653589793 
e =  2.718281828459045 
sqrt ( pi ) =  1.7724538509055159 
exp  ( pi ) =  23.140692632779267 
log  ( pi ) =  1.1447298858494002 
sin  ( pi ) =  1.2246467991473532e-16 
cos  ( pi ) =  -1.0 
tan  ( pi ) =  -1.2246467991473532e-16 
acos ( pi ) =  0+1.811526272460853i 
asin ( pi ) =  1.5707963267948966-1.811526272460853i 
atan ( pi ) =  1.2626272556789118 
abs  ( pi ) =  3.141592653589793 
ceil ( pi ) =  4.0 
floor( pi ) =  3.0 
round( pi ) =  3.0 
